<?xml version="1.0" encoding="UTF-8"?>
<testng-results ignored="0" total="1" passed="1" failed="0" skipped="0">
  <reporter-output>
    <line>
      <![CDATA[Get SuiteConnections Done Sucessful]]>
    </line>
    <line>
      <![CDATA[precondition Done Sucessful]]>
    </line>
    <line>
      <![CDATA[BrowserSetup Sucessful]]>
    </line>
    <line>
      <![CDATA[login Sucessful]]>
    </line>
    <line>
      <![CDATA[createUser_validData for Register Test]]>
    </line>
    <line>
      <![CDATA[Logout Sucessful]]>
    </line>
    <line>
      <![CDATA[Closebrowser Sucessful]]>
    </line>
    <line>
      <![CDATA[postcondition Done Sucessful]]>
    </line>
    <line>
      <![CDATA[Terminate Suiteconnection Done Sucessful]]>
    </line>
  </reporter-output>
  <suite started-at="2024-09-03T16:49:35 IST" name="Suite" finished-at="2024-09-03T16:49:40 IST" duration-ms="4246">
    <groups>
    </groups>
    <test started-at="2024-09-03T16:49:35 IST" name="Test" finished-at="2024-09-03T16:49:40 IST" duration-ms="4246">
      <class name="com.Amazon.regestertest.RegisterTest">
        <test-method is-config="true" signature="getSuiteConnections()[pri:0, instance:com.Amazon.regestertest.RegisterTest@5e600dd5]" started-at="2024-09-03T16:49:35 IST" name="getSuiteConnections" finished-at="2024-09-03T16:49:35 IST" duration-ms="17" status="PASS">
          <reporter-output>
            <line>
              <![CDATA[Get SuiteConnections Done Sucessful]]>
            </line>
          </reporter-output>
        </test-method> <!-- getSuiteConnections -->
        <test-method is-config="true" signature="precondition()[pri:0, instance:com.Amazon.regestertest.RegisterTest@5e600dd5]" started-at="2024-09-03T16:49:35 IST" name="precondition" finished-at="2024-09-03T16:49:35 IST" duration-ms="0" status="PASS">
          <reporter-output>
            <line>
              <![CDATA[precondition Done Sucessful]]>
            </line>
          </reporter-output>
        </test-method> <!-- precondition -->
        <test-method is-config="true" signature="browserSetup(java.lang.String)[pri:0, instance:com.Amazon.regestertest.RegisterTest@5e600dd5]" started-at="2024-09-03T16:49:35 IST" name="browserSetup" finished-at="2024-09-03T16:49:39 IST" duration-ms="3173" status="PASS">
          <params>
            <param index="0">
              <value>
                <![CDATA[chrome]]>
              </value>
            </param>
          </params>
          <reporter-output>
            <line>
              <![CDATA[BrowserSetup Sucessful]]>
            </line>
          </reporter-output>
        </test-method> <!-- browserSetup -->
        <test-method is-config="true" signature="login()[pri:0, instance:com.Amazon.regestertest.RegisterTest@5e600dd5]" started-at="2024-09-03T16:49:39 IST" name="login" finished-at="2024-09-03T16:49:39 IST" duration-ms="0" status="PASS">
          <reporter-output>
            <line>
              <![CDATA[login Sucessful]]>
            </line>
          </reporter-output>
        </test-method> <!-- login -->
        <test-method signature="createUser_validData()[pri:0, instance:com.Amazon.regestertest.RegisterTest@5e600dd5]" started-at="2024-09-03T16:49:39 IST" name="createUser_validData" finished-at="2024-09-03T16:49:39 IST" duration-ms="782" status="PASS">
          <reporter-output>
            <line>
              <![CDATA[createUser_validData for Register Test]]>
            </line>
          </reporter-output>
        </test-method> <!-- createUser_validData -->
        <test-method is-config="true" signature="Logout()[pri:0, instance:com.Amazon.regestertest.RegisterTest@5e600dd5]" started-at="2024-09-03T16:49:39 IST" name="Logout" finished-at="2024-09-03T16:49:39 IST" duration-ms="1" status="PASS">
          <reporter-output>
            <line>
              <![CDATA[Logout Sucessful]]>
            </line>
          </reporter-output>
        </test-method> <!-- Logout -->
        <test-method is-config="true" signature="closebrowser()[pri:0, instance:com.Amazon.regestertest.RegisterTest@5e600dd5]" started-at="2024-09-03T16:49:39 IST" name="closebrowser" finished-at="2024-09-03T16:49:40 IST" duration-ms="229" status="PASS">
          <reporter-output>
            <line>
              <![CDATA[Closebrowser Sucessful]]>
            </line>
          </reporter-output>
        </test-method> <!-- closebrowser -->
        <test-method is-config="true" signature="postcondition()[pri:0, instance:com.Amazon.regestertest.RegisterTest@5e600dd5]" started-at="2024-09-03T16:49:40 IST" name="postcondition" finished-at="2024-09-03T16:49:40 IST" duration-ms="0" status="PASS">
          <reporter-output>
            <line>
              <![CDATA[postcondition Done Sucessful]]>
            </line>
          </reporter-output>
        </test-method> <!-- postcondition -->
        <test-method is-config="true" signature="terminateSuiteconnection()[pri:0, instance:com.Amazon.regestertest.RegisterTest@5e600dd5]" started-at="2024-09-03T16:49:40 IST" name="terminateSuiteconnection" finished-at="2024-09-03T16:49:40 IST" duration-ms="1" status="PASS">
          <reporter-output>
            <line>
              <![CDATA[Terminate Suiteconnection Done Sucessful]]>
            </line>
          </reporter-output>
        </test-method> <!-- terminateSuiteconnection -->
      </class> <!-- com.Amazon.regestertest.RegisterTest -->
    </test> <!-- Test -->
  </suite> <!-- Suite -->
</testng-results>
