<?xml version="1.0" encoding="UTF-8"?>
<!-- Generated by org.testng.reporters.JUnitXMLReporter -->
<testsuite ignored="0" hostname="ABHINAYA" failures="0" tests="4" name="Test" time="8.524" errors="0" timestamp="2024-08-09T10:49:35 IST">
  <testcase classname="com.Amazon.regestertest.RegisterTest" name="createUser_invalidData" time="0.005"/>
  <testcase classname="com.Amazon.regestertest.RegisterTest" name="createUser_invalidData" time="0.002"/>
  <testcase classname="com.Amazon.regestertest.RegisterTest" name="createUser_invalidData" time="0.002"/>
  <testcase classname="com.Amazon.regestertest.RegisterTest" name="createUser_validData" time="4.144"/>
</testsuite> <!-- Test -->
