<?xml version="1.0" encoding="UTF-8"?>
<!-- Generated by org.testng.reporters.JUnitXMLReporter -->
<testsuite ignored="40" hostname="ABHINAYA" failures="0" tests="33" name="ChromeTest" time="28.744" errors="0" timestamp="2024-08-23T16:34:43 IST">
  <testcase classname="com.Amazon.kidsproducttest.kidsproduct1Test" name="addproduct" time="0.017"/>
  <testcase classname="com.Amazon.kidsproducttest.kidsproduct1Test" name="updateproduct" time="0.002"/>
  <testcase classname="com.Amazon.kidsproducttest.kidsproduct1Test" name="deleteproduct" time="0.002"/>
  <testcase classname="com.Amazon.kidsproducttest.kidsproduct2Test" name="addproduct" time="0.004"/>
  <testcase classname="com.Amazon.kidsproducttest.kidsproduct2Test" name="deleteproduct" time="0.004"/>
  <testcase classname="com.Amazon.kidsproducttest.kidsproduct2Test" name="updateproduct" time="0.003"/>
  <testcase classname="com.Amazon.kidsproducttest.kidsproduct3Test" name="addproduct" time="0.004"/>
  <testcase classname="com.Amazon.kidsproducttest.kidsproduct3Test" name="deleteproduct" time="0.002"/>
  <testcase classname="com.Amazon.kidsproducttest.kidsproduct3Test" name="updateproduct" time="0.001"/>
  <testcase classname="com.Amazon.kidsproducttest.kidsproduct4Test" name="addproduct" time="0.002"/>
  <testcase classname="com.Amazon.kidsproducttest.kidsproduct4Test" name="deleteproduct" time="0.002"/>
  <testcase classname="com.Amazon.kidsproducttest.kidsproduct4Test" name="updateproduct" time="0.001"/>
  <testcase classname="com.Amazon.kidsproducttest.kidsproduct5Test" name="addproduct" time="0.005"/>
  <testcase classname="com.Amazon.kidsproducttest.kidsproduct5Test" name="deleteproduct" time="0.002"/>
  <testcase classname="com.Amazon.kidsproducttest.kidsproduct5Test" name="updateproduct" time="0.003"/>
  <testcase classname="com.Amazon.kidsproducttest.kidsproduct6Test" name="addproduct" time="0.005"/>
  <testcase classname="com.Amazon.kidsproducttest.kidsproduct6Test" name="deleteproduct" time="0.002"/>
  <testcase classname="com.Amazon.kidsproducttest.kidsproduct6Test" name="updateproduct" time="0.018"/>
  <testcase classname="com.Amazon.kidsproducttest.kidsproduct7Test" name="addproduct" time="0.003"/>
  <testcase classname="com.Amazon.kidsproducttest.kidsproduct7Test" name="deleteproduct" time="0.003"/>
  <testcase classname="com.Amazon.kidsproducttest.kidsproduct7Test" name="updateproduct" time="0.003"/>
  <testcase classname="com.Amazon.kidsproducttest.kidsproduct8Test" name="addproduct" time="0.003"/>
  <testcase classname="com.Amazon.kidsproducttest.kidsproduct8Test" name="deleteproduct" time="0.002"/>
  <testcase classname="com.Amazon.kidsproducttest.kidsproduct8Test" name="updateproduct" time="0.002"/>
  <testcase classname="com.Amazon.kidsproducttest.kidsproduct9Test" name="addproduct" time="0.005"/>
  <testcase classname="com.Amazon.kidsproducttest.kidsproduct9Test" name="deleteproduct" time="0.004"/>
  <testcase classname="com.Amazon.kidsproducttest.kidsproduct9Test" name="updateproduct" time="0.003"/>
  <testcase classname="com.Amazon.kidsproducttest.kidsproduct10Test" name="addproduct" time="0.002"/>
  <testcase classname="com.Amazon.kidsproducttest.kidsproduct10Test" name="deleteproduct" time="0.002"/>
  <testcase classname="com.Amazon.kidsproducttest.kidsproduct10Test" name="updateproduct" time="0.002"/>
  <testcase classname="com.Amazon.producttest.commonproduct" name="addproduct" time="0.002"/>
  <testcase classname="com.Amazon.producttest.commonproduct" name="deleteproduct" time="0.002"/>
  <testcase classname="com.Amazon.producttest.commonproduct" name="updateproduct" time="0.002"/>
  <testcase classname="com.Amazon.generic.common.Baseclass" name="@BeforeSuite getSuiteConnections" time="0.0">
    <ignored/>
  </testcase> <!-- @BeforeSuite getSuiteConnections -->
  <testcase classname="com.Amazon.generic.common.Baseclass" name="@BeforeSuite getSuiteConnections" time="0.0">
    <ignored/>
  </testcase> <!-- @BeforeSuite getSuiteConnections -->
  <testcase classname="com.Amazon.generic.common.Baseclass" name="@BeforeSuite getSuiteConnections" time="0.0">
    <ignored/>
  </testcase> <!-- @BeforeSuite getSuiteConnections -->
  <testcase classname="com.Amazon.generic.common.Baseclass" name="@BeforeSuite getSuiteConnections" time="0.0">
    <ignored/>
  </testcase> <!-- @BeforeSuite getSuiteConnections -->
  <testcase classname="com.Amazon.generic.common.Baseclass" name="@BeforeSuite getSuiteConnections" time="0.0">
    <ignored/>
  </testcase> <!-- @BeforeSuite getSuiteConnections -->
  <testcase classname="com.Amazon.generic.common.Baseclass" name="@BeforeSuite getSuiteConnections" time="0.0">
    <ignored/>
  </testcase> <!-- @BeforeSuite getSuiteConnections -->
  <testcase classname="com.Amazon.generic.common.Baseclass" name="@BeforeSuite getSuiteConnections" time="0.0">
    <ignored/>
  </testcase> <!-- @BeforeSuite getSuiteConnections -->
  <testcase classname="com.Amazon.generic.common.Baseclass" name="@BeforeSuite getSuiteConnections" time="0.0">
    <ignored/>
  </testcase> <!-- @BeforeSuite getSuiteConnections -->
  <testcase classname="com.Amazon.generic.common.Baseclass" name="@BeforeSuite getSuiteConnections" time="0.0">
    <ignored/>
  </testcase> <!-- @BeforeSuite getSuiteConnections -->
  <testcase classname="com.Amazon.generic.common.Baseclass" name="@BeforeSuite getSuiteConnections" time="0.0">
    <ignored/>
  </testcase> <!-- @BeforeSuite getSuiteConnections -->
  <testcase classname="com.Amazon.generic.common.Baseclass" name="@AfterTest postcondition" time="0.0">
    <ignored/>
  </testcase> <!-- @AfterTest postcondition -->
  <testcase classname="com.Amazon.generic.common.Baseclass" name="@AfterTest postcondition" time="0.0">
    <ignored/>
  </testcase> <!-- @AfterTest postcondition -->
  <testcase classname="com.Amazon.generic.common.Baseclass" name="@AfterTest postcondition" time="0.0">
    <ignored/>
  </testcase> <!-- @AfterTest postcondition -->
  <testcase classname="com.Amazon.generic.common.Baseclass" name="@AfterTest postcondition" time="0.0">
    <ignored/>
  </testcase> <!-- @AfterTest postcondition -->
  <testcase classname="com.Amazon.generic.common.Baseclass" name="@AfterTest postcondition" time="0.0">
    <ignored/>
  </testcase> <!-- @AfterTest postcondition -->
  <testcase classname="com.Amazon.generic.common.Baseclass" name="@AfterTest postcondition" time="0.0">
    <ignored/>
  </testcase> <!-- @AfterTest postcondition -->
  <testcase classname="com.Amazon.generic.common.Baseclass" name="@AfterTest postcondition" time="0.0">
    <ignored/>
  </testcase> <!-- @AfterTest postcondition -->
  <testcase classname="com.Amazon.generic.common.Baseclass" name="@AfterTest postcondition" time="0.0">
    <ignored/>
  </testcase> <!-- @AfterTest postcondition -->
  <testcase classname="com.Amazon.generic.common.Baseclass" name="@AfterTest postcondition" time="0.0">
    <ignored/>
  </testcase> <!-- @AfterTest postcondition -->
  <testcase classname="com.Amazon.generic.common.Baseclass" name="@AfterTest postcondition" time="0.0">
    <ignored/>
  </testcase> <!-- @AfterTest postcondition -->
  <testcase classname="com.Amazon.generic.common.Baseclass" name="@AfterSuite terminateSuiteconnection" time="0.0">
    <ignored/>
  </testcase> <!-- @AfterSuite terminateSuiteconnection -->
  <testcase classname="com.Amazon.generic.common.Baseclass" name="@AfterSuite terminateSuiteconnection" time="0.0">
    <ignored/>
  </testcase> <!-- @AfterSuite terminateSuiteconnection -->
  <testcase classname="com.Amazon.generic.common.Baseclass" name="@AfterSuite terminateSuiteconnection" time="0.0">
    <ignored/>
  </testcase> <!-- @AfterSuite terminateSuiteconnection -->
  <testcase classname="com.Amazon.generic.common.Baseclass" name="@AfterSuite terminateSuiteconnection" time="0.0">
    <ignored/>
  </testcase> <!-- @AfterSuite terminateSuiteconnection -->
  <testcase classname="com.Amazon.generic.common.Baseclass" name="@AfterSuite terminateSuiteconnection" time="0.0">
    <ignored/>
  </testcase> <!-- @AfterSuite terminateSuiteconnection -->
  <testcase classname="com.Amazon.generic.common.Baseclass" name="@AfterSuite terminateSuiteconnection" time="0.0">
    <ignored/>
  </testcase> <!-- @AfterSuite terminateSuiteconnection -->
  <testcase classname="com.Amazon.generic.common.Baseclass" name="@AfterSuite terminateSuiteconnection" time="0.0">
    <ignored/>
  </testcase> <!-- @AfterSuite terminateSuiteconnection -->
  <testcase classname="com.Amazon.generic.common.Baseclass" name="@AfterSuite terminateSuiteconnection" time="0.0">
    <ignored/>
  </testcase> <!-- @AfterSuite terminateSuiteconnection -->
  <testcase classname="com.Amazon.generic.common.Baseclass" name="@AfterSuite terminateSuiteconnection" time="0.0">
    <ignored/>
  </testcase> <!-- @AfterSuite terminateSuiteconnection -->
  <testcase classname="com.Amazon.generic.common.Baseclass" name="@AfterSuite terminateSuiteconnection" time="0.0">
    <ignored/>
  </testcase> <!-- @AfterSuite terminateSuiteconnection -->
  <testcase classname="com.Amazon.generic.common.Baseclass" name="@BeforeTest precondition" time="0.0">
    <ignored/>
  </testcase> <!-- @BeforeTest precondition -->
  <testcase classname="com.Amazon.generic.common.Baseclass" name="@BeforeTest precondition" time="0.0">
    <ignored/>
  </testcase> <!-- @BeforeTest precondition -->
  <testcase classname="com.Amazon.generic.common.Baseclass" name="@BeforeTest precondition" time="0.0">
    <ignored/>
  </testcase> <!-- @BeforeTest precondition -->
  <testcase classname="com.Amazon.generic.common.Baseclass" name="@BeforeTest precondition" time="0.0">
    <ignored/>
  </testcase> <!-- @BeforeTest precondition -->
  <testcase classname="com.Amazon.generic.common.Baseclass" name="@BeforeTest precondition" time="0.0">
    <ignored/>
  </testcase> <!-- @BeforeTest precondition -->
  <testcase classname="com.Amazon.generic.common.Baseclass" name="@BeforeTest precondition" time="0.0">
    <ignored/>
  </testcase> <!-- @BeforeTest precondition -->
  <testcase classname="com.Amazon.generic.common.Baseclass" name="@BeforeTest precondition" time="0.0">
    <ignored/>
  </testcase> <!-- @BeforeTest precondition -->
  <testcase classname="com.Amazon.generic.common.Baseclass" name="@BeforeTest precondition" time="0.0">
    <ignored/>
  </testcase> <!-- @BeforeTest precondition -->
  <testcase classname="com.Amazon.generic.common.Baseclass" name="@BeforeTest precondition" time="0.0">
    <ignored/>
  </testcase> <!-- @BeforeTest precondition -->
  <testcase classname="com.Amazon.generic.common.Baseclass" name="@BeforeTest precondition" time="0.0">
    <ignored/>
  </testcase> <!-- @BeforeTest precondition -->
</testsuite> <!-- ChromeTest -->
