<?xml version="1.0" encoding="UTF-8"?>
<!-- Generated by org.testng.reporters.JUnitXMLReporter -->
<testsuite ignored="0" hostname="ABHINAYA" failures="0" tests="3" name="EdgeTest" time="19.724" errors="0" timestamp="2024-08-23T16:35:14 IST">
  <testcase classname="com.Amazon.mensproducttest.MensproductTest" name="addproduct" time="0.002"/>
  <testcase classname="com.Amazon.mensproducttest.MensproductTest" name="deleteproduct" time="0.002"/>
  <testcase classname="com.Amazon.mensproducttest.MensproductTest" name="updateproduct" time="0.001"/>
</testsuite> <!-- EdgeTest -->
