<?xml version="1.0" encoding="UTF-8"?>
<!-- Generated by org.testng.reporters.JUnitXMLReporter -->
<testsuite ignored="0" hostname="ABHINAYA" failures="0" tests="3" name="FirefoxTest" time="11.138" errors="0" timestamp="2024-08-23T16:34:54 IST">
  <testcase classname="com.Amazon.electronicsproducttest.ElectronicProductTest" name="addproduct" time="0.001"/>
  <testcase classname="com.Amazon.electronicsproducttest.ElectronicProductTest" name="deleteproduct" time="0.001"/>
  <testcase classname="com.Amazon.electronicsproducttest.ElectronicProductTest" name="updateproduct" time="0.001"/>
</testsuite> <!-- FirefoxTest -->
